<?xml version="1.0" encoding="UTF-8"?>
<testsuite xmlns:xsi="http://www.w3.org/2001/XMLSchema-instance" xsi:noNamespaceSchemaLocation="https://maven.apache.org/surefire/maven-surefire-plugin/xsd/surefire-test-report-3.0.xsd" version="3.0" name="DAO.DataAccessLayer.TestDataSource" time="0.178" tests="1" errors="0" skipped="0" failures="0">
  <properties>
    <property name="java.specification.version" value="24"/>
    <property name="sun.cpu.isalist" value="amd64"/>
    <property name="sun.jnu.encoding" value="Cp1252"/>
    <property name="java.class.path" value="C:\Users\okech\Desktop\Java\Workspace_EE\Assignment2\target\test-classes;C:\Users\okech\Desktop\Java\Workspace_EE\Assignment2\target\classes;C:\Users\okech\.m2\repository\org\openjfx\javafx-controls\24\javafx-controls-24.jar;C:\Users\okech\.m2\repository\org\openjfx\javafx-controls\24\javafx-controls-24-win.jar;C:\Users\okech\.m2\repository\org\openjfx\javafx-fxml\24\javafx-fxml-24.jar;C:\Users\okech\.m2\repository\org\openjfx\javafx-fxml\24\javafx-fxml-24-win.jar;C:\Users\okech\.m2\repository\org\openjfx\javafx-base\24\javafx-base-24.jar;C:\Users\okech\.m2\repository\org\openjfx\javafx-base\24\javafx-base-24-win.jar;C:\Users\okech\.m2\repository\org\openjfx\javafx-graphics\24\javafx-graphics-24.jar;C:\Users\okech\.m2\repository\org\openjfx\javafx-graphics\24\javafx-graphics-24-win.jar;C:\Users\okech\.m2\repository\org\openjfx\javafx-media\24\javafx-media-24.jar;C:\Users\okech\.m2\repository\org\openjfx\javafx-media\24\javafx-media-24-win.jar;C:\Users\okech\.m2\repository\com\google\code\gson\gson\2.10.1\gson-2.10.1.jar;C:\Users\okech\.m2\repository\com\mysql\mysql-connector-j\9.2.0\mysql-connector-j-9.2.0.jar;C:\Users\okech\.m2\repository\com\google\protobuf\protobuf-java\4.29.0\protobuf-java-4.29.0.jar;C:\Users\okech\.m2\repository\org\junit\jupiter\junit-jupiter\5.12.1\junit-jupiter-5.12.1.jar;C:\Users\okech\.m2\repository\org\junit\jupiter\junit-jupiter-api\5.12.1\junit-jupiter-api-5.12.1.jar;C:\Users\okech\.m2\repository\org\opentest4j\opentest4j\1.3.0\opentest4j-1.3.0.jar;C:\Users\okech\.m2\repository\org\junit\platform\junit-platform-commons\1.12.1\junit-platform-commons-1.12.1.jar;C:\Users\okech\.m2\repository\org\apiguardian\apiguardian-api\1.1.2\apiguardian-api-1.1.2.jar;C:\Users\okech\.m2\repository\org\junit\jupiter\junit-jupiter-params\5.12.1\junit-jupiter-params-5.12.1.jar;C:\Users\okech\.m2\repository\org\junit\jupiter\junit-jupiter-engine\5.12.1\junit-jupiter-engine-5.12.1.jar;C:\Users\okech\.m2\repository\org\junit\platform\junit-platform-engine\1.12.1\junit-platform-engine-1.12.1.jar;"/>
    <property name="java.vm.vendor" value="Oracle Corporation"/>
    <property name="sun.arch.data.model" value="64"/>
    <property name="user.variant" value=""/>
    <property name="java.vendor.url" value="https://java.oracle.com/"/>
    <property name="user.timezone" value="America/Toronto"/>
    <property name="os.name" value="Windows 11"/>
    <property name="java.vm.specification.version" value="24"/>
    <property name="sun.java.launcher" value="SUN_STANDARD"/>
    <property name="user.country" value="CA"/>
    <property name="sun.boot.library.path" value="C:\Program Files\Java\jdk-24\bin"/>
    <property name="sun.java.command" value="C:\Users\okech\AppData\Local\Temp\surefire2881881011984674378\surefirebooter-20250328205514551_3.jar C:\Users\okech\AppData\Local\Temp\surefire2881881011984674378 2025-03-28T20-55-13_749-jvmRun1 surefire-20250328205514551_1tmp surefire_0-20250328205514551_2tmp"/>
    <property name="jdk.debug" value="release"/>
    <property name="surefire.test.class.path" value="C:\Users\okech\Desktop\Java\Workspace_EE\Assignment2\target\test-classes;C:\Users\okech\Desktop\Java\Workspace_EE\Assignment2\target\classes;C:\Users\okech\.m2\repository\org\openjfx\javafx-controls\24\javafx-controls-24.jar;C:\Users\okech\.m2\repository\org\openjfx\javafx-controls\24\javafx-controls-24-win.jar;C:\Users\okech\.m2\repository\org\openjfx\javafx-fxml\24\javafx-fxml-24.jar;C:\Users\okech\.m2\repository\org\openjfx\javafx-fxml\24\javafx-fxml-24-win.jar;C:\Users\okech\.m2\repository\org\openjfx\javafx-base\24\javafx-base-24.jar;C:\Users\okech\.m2\repository\org\openjfx\javafx-base\24\javafx-base-24-win.jar;C:\Users\okech\.m2\repository\org\openjfx\javafx-graphics\24\javafx-graphics-24.jar;C:\Users\okech\.m2\repository\org\openjfx\javafx-graphics\24\javafx-graphics-24-win.jar;C:\Users\okech\.m2\repository\org\openjfx\javafx-media\24\javafx-media-24.jar;C:\Users\okech\.m2\repository\org\openjfx\javafx-media\24\javafx-media-24-win.jar;C:\Users\okech\.m2\repository\com\google\code\gson\gson\2.10.1\gson-2.10.1.jar;C:\Users\okech\.m2\repository\com\mysql\mysql-connector-j\9.2.0\mysql-connector-j-9.2.0.jar;C:\Users\okech\.m2\repository\com\google\protobuf\protobuf-java\4.29.0\protobuf-java-4.29.0.jar;C:\Users\okech\.m2\repository\org\junit\jupiter\junit-jupiter\5.12.1\junit-jupiter-5.12.1.jar;C:\Users\okech\.m2\repository\org\junit\jupiter\junit-jupiter-api\5.12.1\junit-jupiter-api-5.12.1.jar;C:\Users\okech\.m2\repository\org\opentest4j\opentest4j\1.3.0\opentest4j-1.3.0.jar;C:\Users\okech\.m2\repository\org\junit\platform\junit-platform-commons\1.12.1\junit-platform-commons-1.12.1.jar;C:\Users\okech\.m2\repository\org\apiguardian\apiguardian-api\1.1.2\apiguardian-api-1.1.2.jar;C:\Users\okech\.m2\repository\org\junit\jupiter\junit-jupiter-params\5.12.1\junit-jupiter-params-5.12.1.jar;C:\Users\okech\.m2\repository\org\junit\jupiter\junit-jupiter-engine\5.12.1\junit-jupiter-engine-5.12.1.jar;C:\Users\okech\.m2\repository\org\junit\platform\junit-platform-engine\1.12.1\junit-platform-engine-1.12.1.jar;"/>
    <property name="sun.cpu.endian" value="little"/>
    <property name="user.home" value="C:\Users\okech"/>
    <property name="user.language" value="en"/>
    <property name="java.specification.vendor" value="Oracle Corporation"/>
    <property name="java.version.date" value="2025-03-18"/>
    <property name="java.home" value="C:\Program Files\Java\jdk-24"/>
    <property name="file.separator" value="\"/>
    <property name="basedir" value="C:\Users\okech\Desktop\Java\Workspace_EE\Assignment2"/>
    <property name="style.color" value="always"/>
    <property name="java.vm.compressedOopsMode" value="Zero based"/>
    <property name="line.separator" value="&#10;"/>
    <property name="java.vm.specification.vendor" value="Oracle Corporation"/>
    <property name="java.specification.name" value="Java Platform API Specification"/>
    <property name="surefire.real.class.path" value="C:\Users\okech\AppData\Local\Temp\surefire2881881011984674378\surefirebooter-20250328205514551_3.jar"/>
    <property name="user.script" value=""/>
    <property name="sun.management.compiler" value="HotSpot 64-Bit Tiered Compilers"/>
    <property name="java.runtime.version" value="24+36-3646"/>
    <property name="user.name" value="okech"/>
    <property name="stdout.encoding" value="Cp1252"/>
    <property name="path.separator" value=";"/>
    <property name="os.version" value="10.0"/>
    <property name="java.runtime.name" value="Java(TM) SE Runtime Environment"/>
    <property name="file.encoding" value="UTF-8"/>
    <property name="java.vm.name" value="Java HotSpot(TM) 64-Bit Server VM"/>
    <property name="localRepository" value="C:\Users\okech\.m2\repository"/>
    <property name="java.vendor.url.bug" value="https://bugreport.java.com/bugreport/"/>
    <property name="java.io.tmpdir" value="C:\Users\okech\AppData\Local\Temp\"/>
    <property name="java.version" value="24"/>
    <property name="user.dir" value="C:\Users\okech\Desktop\Java\Workspace_EE\Assignment2"/>
    <property name="os.arch" value="amd64"/>
    <property name="java.vm.specification.name" value="Java Virtual Machine Specification"/>
    <property name="sun.os.patch.level" value=""/>
    <property name="native.encoding" value="Cp1252"/>
    <property name="java.library.path" value="C:\Program Files\Java\jdk-24\bin;C:\WINDOWS\Sun\Java\bin;C:\WINDOWS\system32;C:\WINDOWS;C:\Program Files\Common Files\Oracle\Java\javapath;C:\WINDOWS\system32;C:\WINDOWS;C:\WINDOWS\System32\Wbem;C:\WINDOWS\System32\WindowsPowerShell\v1.0\;C:\WINDOWS\System32\OpenSSH\;C:\Program Files\dotnet\;C:\Program Files\Git\cmd;C:\Program Files\Microsoft SQL Server\150\Tools\Binn\;C:\Program Files\Microsoft SQL Server\Client SDK\ODBC\170\Tools\Binn\;C:\Program Files\NVIDIA Corporation\NVIDIA app\NvDLISR;C:\Program Files (x86)\NVIDIA Corporation\PhysX\Common;C:\Program Files\MySQL\MySQL Shell 8.0\bin\;C:\Users\okech\AppData\Local\Microsoft\WindowsApps;C:\Users\okech\AppData\Local\GitHubDesktop\bin;C:\Users\okech\AppData\Local\Programs\Microsoft VS Code\bin;C:\Users\okech\.dotnet\tools;."/>
    <property name="java.vm.info" value="mixed mode, sharing"/>
    <property name="stderr.encoding" value="Cp1252"/>
    <property name="java.vendor" value="Oracle Corporation"/>
    <property name="java.vm.version" value="24+36-3646"/>
    <property name="sun.io.unicode.encoding" value="UnicodeLittle"/>
    <property name="java.class.version" value="68.0"/>
  </properties>
  <testcase name="testConnection" classname="DAO.DataAccessLayer.TestDataSource" time="0.165"/>
</testsuite>